
Showing logs for build [32mcb-kubecd-environment-pr-199-10-whmpv-1[0m stage [32mfrom-build-pack[0m and container [32mstep-credential-initializer-sbvpw[0m
{"level":"warn","ts":1586723412.0629108,"logger":"fallback-logger","caller":"logging/config.go:69","msg":"Fetch GitHub commit ID from kodata failed: \"ref: refs/heads/0.8.0-**-support-backwards-incompats\" is not a valid GitHub commit ID"}
{"level":"info","ts":1586723412.063591,"logger":"fallback-logger","caller":"creds-init/main.go:40","msg":"Credentials initialized."}

Showing logs for build [32mcb-kubecd-environment-pr-199-10-whmpv-1[0m stage [32mfrom-build-pack[0m and container [32mstep-working-dir-initializer-pvq4f[0m
{"level":"warn","ts":1586723413.1439118,"logger":"fallback-logger","caller":"logging/config.go:69","msg":"Fetch GitHub commit ID from kodata failed: open /var/run/ko/HEAD: no such file or directory"}
{"level":"info","ts":1586723413.148434,"logger":"fallback-logger","caller":"bash/main.go:64","msg":"Successfully executed command \"sh -c mkdir -p /workspace/source\"; output "}

Showing logs for build [32mcb-kubecd-environment-pr-199-10-whmpv-1[0m stage [32mfrom-build-pack[0m and container [32mstep-place-tools[0m

Showing logs for build [32mcb-kubecd-environment-pr-199-10-whmpv-1[0m stage [32mfrom-build-pack[0m and container [32mstep-git-source-cb-kubecd-environment-pr-199-10-whmpv-25x4s[0m
{"level":"warn","ts":1586723419.174728,"logger":"fallback-logger","caller":"logging/config.go:69","msg":"Fetch GitHub commit ID from kodata failed: \"ref: refs/heads/0.8.0-**-support-backwards-incompats\" is not a valid GitHub commit ID"}
{"level":"info","ts":1586723420.2901745,"logger":"fallback-logger","caller":"git/git.go:103","msg":"Successfully cloned https://github.com/cb-kubecd/environment-pr-199-105-boot-gke-staging.git @ master in path /workspace/source"}

Showing logs for build [32mcb-kubecd-environment-pr-199-10-whmpv-1[0m stage [32mfrom-build-pack[0m and container [32mstep-git-merge[0m
Using SHAs from PULL_REFS=master:981b281550c086f35f2631fb2bbf1d61eb937d89,1:af48a0848e1a5edb28d37d8fc20b83a756da101a
DEBUG: LC_ALL=C JX_LOG_LEVEL=error git fetch origin --unshallow af48a0848e1a5edb28d37d8fc20b83a756da101a: 981b281550c086f35f2631fb2bbf1d61eb937d89:
DEBUG: ran git fetch --unshallow origin af48a0848e1a5edb28d37d8fc20b83a756da101a: 981b281550c086f35f2631fb2bbf1d61eb937d89: in 
DEBUG: LC_ALL=C JX_LOG_LEVEL=error git branch
DEBUG: JX_LOG_LEVEL=error LC_ALL=C git checkout master
DEBUG: ran git checkout master in 
DEBUG: LC_ALL=C JX_LOG_LEVEL=error git reset --hard 981b281550c086f35f2631fb2bbf1d61eb937d89
DEBUG: ran git reset --hard 981b281550c086f35f2631fb2bbf1d61eb937d89 in 
DEBUG: LC_ALL=C JX_LOG_LEVEL=error git clean -fd .
DEBUG: ran clean --force -d . in 
DEBUG: LC_ALL=C JX_LOG_LEVEL=error git merge af48a0848e1a5edb28d37d8fc20b83a756da101a
DEBUG: ran git merge af48a0848e1a5edb28d37d8fc20b83a756da101a in 
DEBUG: LC_ALL=C JX_LOG_LEVEL=error git log --format=%H%x1f%an%x1f%ae%x1f%cn%x1f%ce%x1f%s%n%b%x1e 981b281550c086f35f2631fb2bbf1d61eb937d89..HEAD
Merged SHA af48a0848e1a5edb28d37d8fc20b83a756da101a with commit message 'chore: Promote bdd-spring-1586723089 to version 0.0.1' into base branch master

Showing logs for build [32mcb-kubecd-environment-pr-199-10-whmpv-1[0m stage [32mfrom-build-pack[0m and container [32mstep-build-helm-build[0m
WARNING: No $CHART_REPOSITORY defined so using the default value of: http://jenkins-x-chartmuseum:8080
Adding missing Helm repo: storage.googleapis.com https://storage.googleapis.com/chartmuseum.jenkins-x.io
WARNING: No secrets found on "helm/repos" due: reading the secret "helm/repos" from vault: no secret "helm/repos" not found in vault
Read credentials for https://storage.googleapis.com/chartmuseum.jenkins-x.io from vault helm/repos
Successfully added Helm repository storage.googleapis.com.
Adding missing Helm repo: jenkins-x-chartmuseum http://jenkins-x-chartmuseum:8080
WARNING: No secrets found on "helm/repos" due: reading the secret "helm/repos" from vault: no secret "helm/repos" not found in vault
Read credentials for http://jenkins-x-chartmuseum:8080 from vault helm/repos
Successfully added Helm repository jenkins-x-chartmuseum.
WARNING: No $CHART_REPOSITORY defined so using the default value of: http://jenkins-x-chartmuseum:8080
Adding missing Helm repo: chartmuseum.jenkins-x.io http://chartmuseum.jenkins-x.io
WARNING: No secrets found on "helm/repos" due: reading the secret "helm/repos" from vault: no secret "helm/repos" not found in vault
Read credentials for http://chartmuseum.jenkins-x.io from vault helm/repos
Successfully added Helm repository chartmuseum.jenkins-x.io.
